<?xml version="1.0" encoding="UTF-8" ?>
<testsuites>
  <testsuite errors="0" failures="0" hostname="DESKTOP-7ACGB1A" id="0" name="KWTest" package="org.sonata.keywordDriven" skipped="0" tests="1" time="29.739" timestamp="2023-07-28T11:54:39">
      <properties>
[...]
</properties>

      <testcase classname="org.sonata.keywordDriven.KWTest" name="test[DemoTest on CHROME]" time="29.015" />

      <system-out><![CDATA[xml file  = C:\Users\jayachandra.m\Desktop\Hackathon\Framework\TestCases\DemoTest\config.xml
test case file: C:\Users\jayachandra.m\Desktop\Hackathon\Framework\TestCases\DemoTest\DemoTest.xlsx
ExtentPath = Report\Extent_02-7--_17-24-36

NavigateToAction, page = InsightSoftware
browser is CHROME, server is insightsoftware.com, port is 80
Driver : ChromeDriver: chrome on XP (7c22b595912dc49c1aff0a45c4880e38)
browser is CHROME, server is insightsoftware.com, port is 80
LayoutMaps\InsightSoftware.xml
baseURL = http://insightsoftware.com

ClickAction, Element = Button:InsightSoftwareHomePage
performAction() in ClickAction class: elementType = Button, element =InsightSoftwareHomePage

ClickAction, Element = Button:SolutionsLink
performAction() in ClickAction class: elementType = Button, element =SolutionsLink

ClickAction, Element = Button:AtlasLink
performAction() in ClickAction class: elementType = Button, element =AtlasLink

TypeAction, Element = TextBox:EmailTextBox Data = abc@abc.com
inputData read from test case is abc@abc.com
TypeAction: inputData final is abc@abc.com

GetTextAction, Element = Label:SolutionsLink
GetTextAction : widget = SolutionsLink : text =Solutions
Data repo = size 1
Data repo =  {SolutionsLink=Solutions}

GetTextAction, Element = Label:SolutionsLink
GetTextAction : widget = SolutionsLink : text =Solutions
Data repo = size 1
Data repo =  {SolutionsLink=Solutions}

AssertAction, Element = SolutionsLink
AssertAction, Assertion type = IsVisible
]]></system-out>

      <system-err><![CDATA[Starting ChromeDriver 114.0.5735.90 (386bc09e8f4f2e025eddae123f36f6263096ae49-refs/branch-heads/5735@{#1052}) on port 28797
Only local connections are allowed.
Please see https://chromedriver.chromium.org/security-considerations for suggestions on keeping ChromeDriver safe.
ChromeDriver was started successfully.
]]></system-err>

  </testsuite>
  <testsuite errors="0" failures="0" hostname="DESKTOP-7ACGB1A" id="1" name="KWTest" package="org.sonata.keywordDriven" skipped="0" tests="0" time="0.764" timestamp="2023-07-28T11:55:10">
      <properties>
[...]
</properties>

      <system-out><![CDATA[xml file  = C:\Users\jayachandra.m\Desktop\Hackathon\Framework\TestCases\DemoTest\config.xml
test case file: C:\Users\jayachandra.m\Desktop\Hackathon\Framework\TestCases\DemoTest\~$DemoTest.xlsx
ExtentPath = Report\Extent_02-7--_17-24-36
]]></system-out>

      <system-err><![CDATA[java.io.FileNotFoundException: C:\Users\jayachandra.m\Desktop\Hackathon\Framework\TestCases\DemoTest\~$DemoTest.xlsx (The process cannot access the file because it is being used by another process)
	at java.io.FileInputStream.open0(Native Method)
	at java.io.FileInputStream.open(FileInputStream.java:195)
	at java.io.FileInputStream.<init>(FileInputStream.java:138)
	at java.io.FileInputStream.<init>(FileInputStream.java:93)
	at org.sonata.keywordDriven.testcase.Parser.createArr(Parser.java:59)
	at org.sonata.keywordDriven.testcase.Parser.parse(Parser.java:42)
	at org.sonata.keywordDriven.generic.base.TestBase.data(TestBase.java:102)
	at sun.reflect.NativeMethodAccessorImpl.invoke0(Native Method)
	at sun.reflect.NativeMethodAccessorImpl.invoke(NativeMethodAccessorImpl.java:62)
	at sun.reflect.DelegatingMethodAccessorImpl.invoke(DelegatingMethodAccessorImpl.java:43)
	at java.lang.reflect.Method.invoke(Method.java:497)
	at org.junit.runners.model.FrameworkMethod$1.runReflectiveCall(FrameworkMethod.java:47)
	at org.junit.internal.runners.model.ReflectiveCallable.run(ReflectiveCallable.java:12)
	at org.junit.runners.model.FrameworkMethod.invokeExplosively(FrameworkMethod.java:44)
	at org.junit.runners.Parameterized.allParameters(Parameterized.java:292)
	at org.junit.runners.Parameterized.<init>(Parameterized.java:282)
	at sun.reflect.NativeConstructorAccessorImpl.newInstance0(Native Method)
	at sun.reflect.NativeConstructorAccessorImpl.newInstance(NativeConstructorAccessorImpl.java:62)
	at sun.reflect.DelegatingConstructorAccessorImpl.newInstance(DelegatingConstructorAccessorImpl.java:45)
	at java.lang.reflect.Constructor.newInstance(Constructor.java:422)
	at org.junit.internal.builders.AnnotatedBuilder.buildRunner(AnnotatedBuilder.java:29)
	at org.junit.internal.builders.AnnotatedBuilder.runnerForClass(AnnotatedBuilder.java:21)
	at org.junit.runners.model.RunnerBuilder.safeRunnerForClass(RunnerBuilder.java:59)
	at org.junit.internal.builders.AllDefaultPossibilitiesBuilder.runnerForClass(AllDefaultPossibilitiesBuilder.java:26)
	at org.junit.runners.model.RunnerBuilder.safeRunnerForClass(RunnerBuilder.java:59)
	at org.junit.internal.requests.ClassRequest.getRunner(ClassRequest.java:26)
	at junit.framework.JUnit4TestAdapter.<init>(JUnit4TestAdapter.java:30)
	at sun.reflect.NativeConstructorAccessorImpl.newInstance0(Native Method)
	at sun.reflect.NativeConstructorAccessorImpl.newInstance(NativeConstructorAccessorImpl.java:62)
	at sun.reflect.DelegatingConstructorAccessorImpl.newInstance(DelegatingConstructorAccessorImpl.java:45)
	at java.lang.reflect.Constructor.newInstance(Constructor.java:422)
	at org.apache.tools.ant.taskdefs.optional.junit.JUnitTestRunner.run(JUnitTestRunner.java:489)
	at org.apache.tools.ant.taskdefs.optional.junit.JUnitTestRunner.launch(JUnitTestRunner.java:1182)
	at org.apache.tools.ant.taskdefs.optional.junit.JUnitTestRunner.main(JUnitTestRunner.java:1033)
]]></system-err>

  </testsuite>
  <testsuite errors="1" failures="0" hostname="DESKTOP-7ACGB1A" id="2" name="KWTest" package="org.sonata.keywordDriven" skipped="0" tests="1" time="0.026" timestamp="2023-07-28T11:55:12">
      <properties>
[...]
</properties>

      <testcase classname="org.sonata.keywordDriven.KWTest" name="initializationError" time="0.002">
          <error message="org.apache.poi.openxml4j.exceptions.InvalidFormatException: Package should contain a content type part [M1.13]" type="org.apache.poi.POIXMLException">org.apache.poi.POIXMLException: org.apache.poi.openxml4j.exceptions.InvalidFormatException: Package should contain a content type part [M1.13]
	at org.apache.poi.util.PackageHelper.open(PackageHelper.java:39)
	at org.apache.poi.xssf.usermodel.XSSFWorkbook.&lt;init&gt;(XSSFWorkbook.java:258)
	at org.sonata.keywordDriven.testcase.Parser.createArr(Parser.java:59)
	at org.sonata.keywordDriven.testcase.Parser.parse(Parser.java:42)
	at org.sonata.keywordDriven.generic.base.TestBase.data(TestBase.java:102)
	at java.lang.reflect.Constructor.newInstance(Constructor.java:422)
	at java.lang.reflect.Constructor.newInstance(Constructor.java:422)
Caused by: org.apache.poi.openxml4j.exceptions.InvalidFormatException: Package should contain a content type part [M1.13]
	at org.apache.poi.openxml4j.opc.ZipPackage.getPartsImpl(ZipPackage.java:203)
	at org.apache.poi.openxml4j.opc.OPCPackage.getParts(OPCPackage.java:673)
	at org.apache.poi.openxml4j.opc.OPCPackage.open(OPCPackage.java:274)
	at org.apache.poi.util.PackageHelper.open(PackageHelper.java:37)
</error>

      </testcase>

      <system-out><![CDATA[xml file  = C:\Users\jayachandra.m\Desktop\Hackathon\Framework\TestCases\DemoTest\config.xml
test case file: C:\Users\jayachandra.m\Desktop\Hackathon\Framework\TestCases\DemoTest\~$Flipkart.xlsx
]]></system-out>

      <system-err><![CDATA[]]></system-err>

  </testsuite>
  <testsuite errors="1" failures="0" hostname="DESKTOP-7ACGB1A" id="3" name="KWTest" package="org.sonata.keywordDriven" skipped="0" tests="1" time="0.029" timestamp="2023-07-28T11:55:13">
      <properties>
[...]
</properties>

      <testcase classname="org.sonata.keywordDriven.KWTest" name="initializationError" time="0.003">
          <error message="org.apache.poi.openxml4j.exceptions.InvalidFormatException: Package should contain a content type part [M1.13]" type="org.apache.poi.POIXMLException">org.apache.poi.POIXMLException: org.apache.poi.openxml4j.exceptions.InvalidFormatException: Package should contain a content type part [M1.13]
	at org.apache.poi.util.PackageHelper.open(PackageHelper.java:39)
	at org.apache.poi.xssf.usermodel.XSSFWorkbook.&lt;init&gt;(XSSFWorkbook.java:258)
	at org.sonata.keywordDriven.testcase.Parser.createArr(Parser.java:59)
	at org.sonata.keywordDriven.testcase.Parser.parse(Parser.java:42)
	at org.sonata.keywordDriven.generic.base.TestBase.data(TestBase.java:102)
	at java.lang.reflect.Constructor.newInstance(Constructor.java:422)
	at java.lang.reflect.Constructor.newInstance(Constructor.java:422)
Caused by: org.apache.poi.openxml4j.exceptions.InvalidFormatException: Package should contain a content type part [M1.13]
	at org.apache.poi.openxml4j.opc.ZipPackage.getPartsImpl(ZipPackage.java:203)
	at org.apache.poi.openxml4j.opc.OPCPackage.getParts(OPCPackage.java:673)
	at org.apache.poi.openxml4j.opc.OPCPackage.open(OPCPackage.java:274)
	at org.apache.poi.util.PackageHelper.open(PackageHelper.java:37)
</error>

      </testcase>

      <system-out><![CDATA[xml file  = C:\Users\jayachandra.m\Desktop\Hackathon\Framework\TestCases\DemoTest\config.xml
test case file: C:\Users\jayachandra.m\Desktop\Hackathon\Framework\TestCases\DemoTest\~$vieworderS3_TC1.xlsx
]]></system-out>

      <system-err><![CDATA[]]></system-err>

  </testsuite>
</testsuites>
