<?xml version="1.0" encoding="UTF-8" ?>
<testsuite errors="0" failures="0" hostname="DESKTOP-7ACGB1A" name="org.sonata.keywordDriven.KWTest" skipped="0" tests="1" time="29.739" timestamp="2023-07-28T11:54:39">
  <properties>
[...]
</properties>
  <testcase classname="org.sonata.keywordDriven.KWTest" name="test[DemoTest on CHROME]" time="29.015" />
  <system-out><![CDATA[xml file  = C:\Users\jayachandra.m\Desktop\Hackathon\Framework\TestCases\DemoTest\config.xml
test case file: C:\Users\jayachandra.m\Desktop\Hackathon\Framework\TestCases\DemoTest\DemoTest.xlsx
ExtentPath = Report\Extent_02-7--_17-24-36

NavigateToAction, page = InsightSoftware
browser is CHROME, server is insightsoftware.com, port is 80
Driver : ChromeDriver: chrome on XP (7c22b595912dc49c1aff0a45c4880e38)
browser is CHROME, server is insightsoftware.com, port is 80
LayoutMaps\InsightSoftware.xml
baseURL = http://insightsoftware.com

ClickAction, Element = Button:InsightSoftwareHomePage
performAction() in ClickAction class: elementType = Button, element =InsightSoftwareHomePage

ClickAction, Element = Button:SolutionsLink
performAction() in ClickAction class: elementType = Button, element =SolutionsLink

ClickAction, Element = Button:AtlasLink
performAction() in ClickAction class: elementType = Button, element =AtlasLink

TypeAction, Element = TextBox:EmailTextBox Data = abc@abc.com
inputData read from test case is abc@abc.com
TypeAction: inputData final is abc@abc.com

GetTextAction, Element = Label:SolutionsLink
GetTextAction : widget = SolutionsLink : text =Solutions
Data repo = size 1
Data repo =  {SolutionsLink=Solutions}

GetTextAction, Element = Label:SolutionsLink
GetTextAction : widget = SolutionsLink : text =Solutions
Data repo = size 1
Data repo =  {SolutionsLink=Solutions}

AssertAction, Element = SolutionsLink
AssertAction, Assertion type = IsVisible
]]></system-out>
  <system-err><![CDATA[Starting ChromeDriver 114.0.5735.90 (386bc09e8f4f2e025eddae123f36f6263096ae49-refs/branch-heads/5735@{#1052}) on port 28797
Only local connections are allowed.
Please see https://chromedriver.chromium.org/security-considerations for suggestions on keeping ChromeDriver safe.
ChromeDriver was started successfully.
]]></system-err>
</testsuite>
